  main.cpp
C:\Users\User\Documents\progVStudio\SFML - Platformer\SFML\level.h(60,18): warning C4244: return: преобразование "double" в "float", возможна потеря данных
C:\Users\User\Documents\progVStudio\SFML - Platformer\SFML\level.h(144,27): warning C4244: инициализация: преобразование "double" в "float", возможна потеря данных
C:\Users\User\Documents\progVStudio\SFML - Platformer\SFML\level.h(145,33): warning C4244: =: преобразование "float" в "int", возможна потеря данных
C:\Users\User\Documents\progVStudio\SFML - Platformer\SFML\level.h(185,53): warning C4244: аргумент: преобразование "int" в "float", возможна потеря данных
C:\Users\User\Documents\progVStudio\SFML - Platformer\SFML\level.h(185,38): warning C4244: аргумент: преобразование "int" в "float", возможна потеря данных
C:\Users\User\Documents\progVStudio\SFML - Platformer\SFML\level.h(242,39): warning C4244: аргумент: преобразование "int" в "float", возможна потеря данных
C:\Users\User\Documents\progVStudio\SFML - Platformer\SFML\level.h(242,36): warning C4244: аргумент: преобразование "int" в "float", возможна потеря данных
C:\Users\User\Documents\progVStudio\SFML - Platformer\SFML\level.h(263,34): warning C4244: =: преобразование "int" в "T", возможна потеря данных
          with
          [
              T=float
          ]
C:\Users\User\Documents\progVStudio\SFML - Platformer\SFML\level.h(264,35): warning C4244: =: преобразование "int" в "T", возможна потеря данных
          with
          [
              T=float
          ]
C:\Users\User\Documents\progVStudio\SFML - Platformer\SFML\level.h(265,37): warning C4244: =: преобразование "int" в "T", возможна потеря данных
          with
          [
              T=float
          ]
C:\Users\User\Documents\progVStudio\SFML - Platformer\SFML\level.h(266,36): warning C4244: =: преобразование "int" в "T", возможна потеря данных
          with
          [
              T=float
          ]
C:\Users\User\Documents\progVStudio\SFML - Platformer\SFML\Animation.h(37,9): warning C4244: инициализация: преобразование "float" в "int", возможна потеря данных
C:\Users\User\Documents\progVStudio\SFML - Platformer\SFML\Animation.h(66,25): warning C4244: аргумент: преобразование "int" в "float", возможна потеря данных
C:\Users\User\Documents\progVStudio\SFML - Platformer\SFML\Animation.h(94,21): warning C4244: =: преобразование "double" в "float", возможна потеря данных
C:\Users\User\Documents\progVStudio\SFML - Platformer\SFML\Animation.h(110,43): warning C4244: аргумент: преобразование "T" в "float", возможна потеря данных
          with
          [
              T=int
          ]
C:\Users\User\Documents\progVStudio\SFML - Platformer\SFML\Animation.h(125,47): warning C4244: аргумент: преобразование "int" в "float", возможна потеря данных
C:\Users\User\Documents\progVStudio\SFML - Platformer\SFML\Animation.h(125,44): warning C4244: аргумент: преобразование "int" в "float", возможна потеря данных
C:\Users\User\Documents\progVStudio\SFML - Platformer\SFML\Animation.h(141,55): warning C4244: return: преобразование "T" в "float", возможна потеря данных
          with
          [
              T=int
          ]
C:\Users\User\Documents\progVStudio\SFML - Platformer\SFML\Animation.h(143,55): warning C4244: return: преобразование "T" в "float", возможна потеря данных
          with
          [
              T=int
          ]
C:\Users\User\Documents\progVStudio\SFML - Platformer\SFML\Entity.h(26,7): warning C4244: =: преобразование "int" в "float", возможна потеря данных
C:\Users\User\Documents\progVStudio\SFML - Platformer\SFML\Entity.h(27,7): warning C4244: =: преобразование "int" в "float", возможна потеря данных
C:\Users\User\Documents\progVStudio\SFML - Platformer\SFML\Entity.h(38,26): warning C4244: аргумент: преобразование "float" в "int", возможна потеря данных
C:\Users\User\Documents\progVStudio\SFML - Platformer\SFML\Entity.h(38,21): warning C4244: аргумент: преобразование "float" в "int", возможна потеря данных
C:\Users\User\Documents\progVStudio\SFML - Platformer\SFML\Bullet.h(13,1): warning C4305: аргумент: усечение из "double" в "float"
C:\Users\User\Documents\progVStudio\SFML - Platformer\SFML\Bullet.h(15,1): warning C4305: =: усечение из "double" в "float"
C:\Users\User\Documents\progVStudio\SFML - Platformer\SFML\Player.h(28,1): warning C4305: =: усечение из "double" в "float"
C:\Users\User\Documents\progVStudio\SFML - Platformer\SFML\Player.h(35,1): warning C4305: =: усечение из "double" в "float"
C:\Users\User\Documents\progVStudio\SFML - Platformer\SFML\Player.h(42,1): warning C4305: =: усечение из "double" в "float"
C:\Users\User\Documents\progVStudio\SFML - Platformer\SFML\Player.h(43,1): warning C4305: =: усечение из "double" в "float"
C:\Users\User\Documents\progVStudio\SFML - Platformer\SFML\Player.h(50,1): warning C4305: =: усечение из "double" в "float"
C:\Users\User\Documents\progVStudio\SFML - Platformer\SFML\Player.h(125,36): warning C4244: +=: преобразование "double" в "float", возможна потеря данных
C:\Users\User\Documents\progVStudio\SFML - Platformer\SFML\Player.h(158,13): warning C4244: инициализация: преобразование "float" в "int", возможна потеря данных
C:\Users\User\Documents\progVStudio\SFML - Platformer\SFML\Player.h(162,12): warning C4244: =: преобразование "int" в "float", возможна потеря данных
C:\Users\User\Documents\progVStudio\SFML - Platformer\SFML\Player.h(169,13): warning C4244: инициализация: преобразование "float" в "int", возможна потеря данных
C:\Users\User\Documents\progVStudio\SFML - Platformer\SFML\Player.h(173,12): warning C4244: =: преобразование "int" в "float", возможна потеря данных
C:\Users\User\Documents\progVStudio\SFML - Platformer\SFML\Player.h(187,7): warning C4244: =: преобразование "int" в "float", возможна потеря данных
C:\Users\User\Documents\progVStudio\SFML - Platformer\SFML\Player.h(187,17): warning C4244: =: преобразование "int" в "float", возможна потеря данных
C:\Users\User\Documents\progVStudio\SFML - Platformer\SFML\Enemy.h(13,1): warning C4305: аргумент: усечение из "double" в "float"
C:\Users\User\Documents\progVStudio\SFML - Platformer\SFML\HealthBar.h(25,67): warning C4244: аргумент: преобразование "int" в "T", возможна потеря данных
          with
          [
              T=float
          ]
C:\Users\User\Documents\progVStudio\SFML - Platformer\SFML\MovingPlatform.h(11,1): warning C4305: аргумент: усечение из "double" в "float"
C:\Users\User\Documents\progVStudio\SFML - Platformer\SFML\Game.h(70,69): warning C4305: аргумент: усечение из "double" в "float"
C:\Users\User\Documents\progVStudio\SFML - Platformer\SFML\Game.h(73,58): warning C4305: аргумент: усечение из "double" в "float"
C:\Users\User\Documents\progVStudio\SFML - Platformer\SFML\Game.h(80,58): warning C4244: аргумент: преобразование "T" в "float", возможна потеря данных
          with
          [
              T=unsigned int
          ]
C:\Users\User\Documents\progVStudio\SFML - Platformer\SFML\Game.h(80,38): warning C4244: аргумент: преобразование "T" в "float", возможна потеря данных
          with
          [
              T=unsigned int
          ]
C:\Users\User\Documents\progVStudio\SFML - Platformer\SFML\Game.h(98,81): warning C4244: аргумент: преобразование "T" в "int", возможна потеря данных
          with
          [
              T=float
          ]
C:\Users\User\Documents\progVStudio\SFML - Platformer\SFML\Game.h(98,65): warning C4244: аргумент: преобразование "T" в "int", возможна потеря данных
          with
          [
              T=float
          ]
C:\Users\User\Documents\progVStudio\SFML - Platformer\SFML\Game.h(102,90): warning C4244: аргумент: преобразование "T" в "int", возможна потеря данных
          with
          [
              T=float
          ]
C:\Users\User\Documents\progVStudio\SFML - Platformer\SFML\Game.h(102,74): warning C4244: аргумент: преобразование "T" в "int", возможна потеря данных
          with
          [
              T=float
          ]
C:\Users\User\Documents\progVStudio\SFML - Platformer\SFML\Game.h(106,60): warning C4244: аргумент: преобразование "T" в "int", возможна потеря данных
          with
          [
              T=float
          ]
C:\Users\User\Documents\progVStudio\SFML - Platformer\SFML\Game.h(106,46): warning C4244: аргумент: преобразование "T" в "int", возможна потеря данных
          with
          [
              T=float
          ]
C:\Users\User\Documents\progVStudio\SFML - Platformer\SFML\Game.h(127,83): warning C4244: аргумент: преобразование "T" в "int", возможна потеря данных
          with
          [
              T=float
          ]
C:\Users\User\Documents\progVStudio\SFML - Platformer\SFML\Game.h(127,67): warning C4244: аргумент: преобразование "T" в "int", возможна потеря данных
          with
          [
              T=float
          ]
C:\Users\User\Documents\progVStudio\SFML - Platformer\SFML\Game.h(131,92): warning C4244: аргумент: преобразование "T" в "int", возможна потеря данных
          with
          [
              T=float
          ]
C:\Users\User\Documents\progVStudio\SFML - Platformer\SFML\Game.h(131,76): warning C4244: аргумент: преобразование "T" в "int", возможна потеря данных
          with
          [
              T=float
          ]
C:\Users\User\Documents\progVStudio\SFML - Platformer\SFML\Game.h(134,38): warning C4244: аргумент: преобразование "T" в "int", возможна потеря данных
          with
          [
              T=float
          ]
C:\Users\User\Documents\progVStudio\SFML - Platformer\SFML\Game.h(134,24): warning C4244: аргумент: преобразование "T" в "int", возможна потеря данных
          with
          [
              T=float
          ]
C:\Users\User\Documents\progVStudio\SFML - Platformer\SFML\Game.h(140,14): warning C4244: инициализация: преобразование "sf::Int64" в "float", возможна потеря данных
C:\Users\User\Documents\progVStudio\SFML - Platformer\SFML\Game.h(155,84): warning C4244: аргумент: преобразование "float" в "int", возможна потеря данных
C:\Users\User\Documents\progVStudio\SFML - Platformer\SFML\Game.h(155,69): warning C4244: аргумент: преобразование "float" в "int", возможна потеря данных
C:\Users\User\Documents\progVStudio\SFML - Platformer\SFML\Game.h(159,84): warning C4244: аргумент: преобразование "float" в "int", возможна потеря данных
C:\Users\User\Documents\progVStudio\SFML - Platformer\SFML\Game.h(159,69): warning C4244: аргумент: преобразование "float" в "int", возможна потеря данных
C:\Users\User\Documents\progVStudio\SFML - Platformer\SFML\Game.h(293,46): warning C4244: аргумент: преобразование "T" в "T", возможна потеря данных
          with
          [
              T=float
          ]
          and
          [
              T=int
          ]
C:\Users\User\Documents\progVStudio\SFML - Platformer\SFML\Game.h(293,28): warning C4244: аргумент: преобразование "T" в "T", возможна потеря данных
          with
          [
              T=float
          ]
          and
          [
              T=int
          ]
C:\Users\User\Documents\progVStudio\SFML - Platformer\SFML\level.h(312): warning C4715: Level::GetObject: значение возвращается не при всех путях выполнения
  SFML.vcxproj -> C:\Users\User\Documents\progVStudio\SFML - Platformer\x64\Debug\SFML.exe
